#
# There is insufficient memory for the Java Runtime Environment to continue.
# Native memory allocation (malloc) failed to allocate 260656 bytes for Chunk::new
# Possible reasons:
#   The system is out of physical RAM or swap space
#   The process is running with CompressedOops enabled, and the Java Heap may be blocking the growth of the native heap
# Possible solutions:
#   Reduce memory load on the system
#   Increase physical memory or swap space
#   Check if swap backing store is full
#   Decrease Java heap size (-Xmx/-Xms)
#   Decrease number of Java threads
#   Decrease Java thread stack sizes (-Xss)
#   Set larger code cache with -XX:ReservedCodeCacheSize=
#   JVM is running with Unscaled Compressed Oops mode in which the Java heap is
#     placed in the first 4GB address space. The Java Heap base address is the
#     maximum limit for the native heap growth. Please use -XX:HeapBaseMinAddress
#     to set the Java Heap base and to place the Java Heap above 4GB virtual address.
# This output file may be truncated or incomplete.
#
#  Out of Memory Error (allocation.cpp:389), pid=1264, tid=0x0000000000000600
#
# JRE version: OpenJDK Runtime Environment (8.0_212-b04) (build 1.8.0_212-release-1586-b04)
# Java VM: OpenJDK 64-Bit Server VM (25.212-b04 mixed mode windows-amd64 compressed oops)
# Failed to write core dump. Minidumps are not enabled by default on client versions of Windows
#

---------------  T H R E A D  ---------------

Current thread (0x0000000018360800):  JavaThread "C2 CompilerThread0" daemon [_thread_in_native, id=1536, stack(0x0000000018c30000,0x0000000018d30000)]

Stack: [0x0000000018c30000,0x0000000018d30000]
[error occurred during error reporting (printing stack bounds), id 0xc0000005]

Native frames: (J=compiled Java code, j=interpreted, Vv=VM code, C=native code)


Current CompileTask:
C2: 915504 13489       4       sun.nio.fs.WindowsPathParser::normalize (233 bytes)


---------------  P R O C E S S  ---------------

Java Threads: ( => current thread )
  0x0000000021899800 JavaThread "WorkerExecutor Queue Thread 9" [_thread_blocked, id=23760, stack(0x0000000026920000,0x0000000026a20000)]
  0x000000002189b000 JavaThread "Cache worker for Java compile cache (D:\Republic Poly\Notes for Y2S1\C346 - Android Programming\DemoContextMenuTranslation\.gradle\5.6.4\javaCompile)" [_thread_blocked, id=25576, stack(0x000000002a490000,0x000000002a590000)]
  0x0000000021897000 JavaThread "Cache worker for Java compile cache (C:\Users\19002765\.gradle\caches\5.6.4\javaCompile)" [_thread_blocked, id=17948, stack(0x000000002a390000,0x000000002a490000)]
  0x00000000212b1800 JavaThread "stdout" [_thread_in_native, id=15060, stack(0x00000000292c0000,0x00000000293c0000)]
  0x00000000212ae800 JavaThread "stderr" [_thread_in_native, id=25148, stack(0x00000000291c0000,0x00000000292c0000)]
  0x00000000212ac000 JavaThread "stdout" [_thread_in_native, id=26384, stack(0x00000000290c0000,0x00000000291c0000)]
  0x00000000212b0000 JavaThread "stderr" [_thread_in_native, id=27244, stack(0x0000000028fc0000,0x00000000290c0000)]
  0x00000000212b0800 JavaThread "stdout" [_thread_in_native, id=16348, stack(0x0000000028ec0000,0x0000000028fc0000)]
  0x00000000212af000 JavaThread "stderr" [_thread_in_native, id=26360, stack(0x0000000028dc0000,0x0000000028ec0000)]
  0x00000000212ab800 JavaThread "stdout" [_thread_in_native, id=22788, stack(0x0000000028cc0000,0x0000000028dc0000)]
  0x00000000212ad800 JavaThread "stderr" [_thread_in_native, id=24164, stack(0x0000000028bc0000,0x0000000028cc0000)]
  0x00000000212ad000 JavaThread "stdout" [_thread_in_native, id=14512, stack(0x0000000028ac0000,0x0000000028bc0000)]
  0x00000000212a3800 JavaThread "stderr" [_thread_in_native, id=26204, stack(0x00000000289c0000,0x0000000028ac0000)]
  0x00000000212aa800 JavaThread "stdout" [_thread_in_native, id=25380, stack(0x00000000288c0000,0x00000000289c0000)]
  0x00000000212aa000 JavaThread "stderr" [_thread_in_native, id=24444, stack(0x00000000287c0000,0x00000000288c0000)]
  0x00000000212a2000 JavaThread "stdout" [_thread_in_native, id=25960, stack(0x00000000281f0000,0x00000000282f0000)]
  0x00000000212a9000 JavaThread "stdout" [_thread_in_native, id=26420, stack(0x00000000280f0000,0x00000000281f0000)]
  0x00000000212a7800 JavaThread "stderr" [_thread_in_native, id=22752, stack(0x0000000027ff0000,0x00000000280f0000)]
  0x00000000212a6000 JavaThread "stderr" [_thread_in_native, id=22304, stack(0x0000000027ef0000,0x0000000027ff0000)]
  0x00000000212a3000 JavaThread "pool-4-thread-1" [_thread_blocked, id=22800, stack(0x0000000026e20000,0x0000000026f20000)]
  0x00000000212a4800 JavaThread "MarlinRenderer Disposer" daemon [_thread_blocked, id=21616, stack(0x0000000026d20000,0x0000000026e20000)]
  0x00000000212a6800 JavaThread "Java2D Disposer" daemon [_thread_blocked, id=23828, stack(0x0000000026c20000,0x0000000026d20000)]
  0x000000001d9a8000 JavaThread "WorkerExecutor Queue Thread 8" [_thread_blocked, id=22656, stack(0x0000000026620000,0x0000000026720000)]
  0x000000001d9a6800 JavaThread "WorkerExecutor Queue Thread 6" [_thread_blocked, id=23012, stack(0x0000000026420000,0x0000000026520000)]
  0x000000001d9a9000 JavaThread "WorkerExecutor Queue Thread 5" [_thread_blocked, id=9300, stack(0x0000000026320000,0x0000000026420000)]
  0x000000001d9a9800 JavaThread "WorkerExecutor Queue Thread 4" [_thread_in_Java, id=16392, stack(0x0000000026220000,0x0000000026320000)]
  0x000000001d9a6000 JavaThread "WorkerExecutor Queue Thread 3" [_thread_blocked, id=21704, stack(0x0000000026120000,0x0000000026220000)]
  0x000000001d99e800 JavaThread "WorkerExecutor Queue Thread 2" [_thread_blocked, id=27448, stack(0x0000000026020000,0x0000000026120000)]
  0x000000001d9a3800 JavaThread "WorkerExecutor Queue" [_thread_blocked, id=25652, stack(0x0000000025d20000,0x0000000025e20000)]
  0x000000001d99c000 JavaThread "Cache worker for execution history cache (D:\Republic Poly\Notes for Y2S1\C346 - Android Programming\DemoContextMenuTranslation\.gradle\5.6.4\executionHistory)" [_thread_blocked, id=22968, stack(0x0000000025c20000,0x0000000025d20000)]
  0x000000001d99d800 JavaThread "Execution worker for ':' Thread 7" [_thread_blocked, id=27000, stack(0x0000000025b20000,0x0000000025c20000)]
  0x000000001d9a3000 JavaThread "Execution worker for ':' Thread 6" [_thread_blocked, id=25244, stack(0x0000000025a20000,0x0000000025b20000)]
  0x000000001d99d000 JavaThread "Execution worker for ':' Thread 5" [_thread_blocked, id=21752, stack(0x0000000025920000,0x0000000025a20000)]
  0x000000001d99b800 JavaThread "Execution worker for ':' Thread 4" [_thread_blocked, id=22768, stack(0x0000000025820000,0x0000000025920000)]
  0x000000001d9a2000 JavaThread "Execution worker for ':' Thread 3" [_thread_blocked, id=14916, stack(0x0000000025720000,0x0000000025820000)]
  0x000000001d99a800 JavaThread "Execution worker for ':' Thread 2" [_thread_blocked, id=12072, stack(0x0000000025620000,0x0000000025720000)]
  0x000000001d9a0800 JavaThread "Execution worker for ':'" [_thread_blocked, id=1800, stack(0x0000000024720000,0x0000000024820000)]
  0x000000001d99f000 JavaThread "Cache worker for file content cache (D:\Republic Poly\Notes for Y2S1\C346 - Android Programming\DemoContextMenuTranslation\.gradle\5.6.4\fileContent)" [_thread_blocked, id=23348, stack(0x0000000023410000,0x0000000023510000)]
  0x000000001d9a0000 JavaThread "Cache worker for file content cache (C:\Users\19002765\.gradle\caches\5.6.4\fileContent)" [_thread_blocked, id=7800, stack(0x0000000022910000,0x0000000022a10000)]
  0x000000001d9a1800 JavaThread "Cache worker for Build Output Cleanup Cache (D:\Republic Poly\Notes for Y2S1\C346 - Android Programming\DemoContextMenuTranslation\.gradle\buildOutputCleanup)" [_thread_blocked, id=18608, stack(0x0000000022210000,0x0000000022310000)]
  0x0000000019d86000 JavaThread "Build operations Thread 8" [_thread_blocked, id=24292, stack(0x0000000022110000,0x0000000022210000)]
  0x0000000019d89000 JavaThread "Build operations Thread 7" [_thread_blocked, id=13876, stack(0x0000000022010000,0x0000000022110000)]
  0x0000000019d8a800 JavaThread "Build operations Thread 6" [_thread_blocked, id=18528, stack(0x0000000021f10000,0x0000000022010000)]
  0x000000001d975800 JavaThread "Build operations Thread 5" [_thread_blocked, id=19440, stack(0x0000000021e10000,0x0000000021f10000)]
  0x000000001d974800 JavaThread "Build operations Thread 4" [_thread_blocked, id=25896, stack(0x0000000021d10000,0x0000000021e10000)]
  0x000000001d974000 JavaThread "Build operations Thread 3" [_thread_blocked, id=5592, stack(0x0000000021c10000,0x0000000021d10000)]
  0x000000001d973000 JavaThread "Build operations Thread 2" [_thread_blocked, id=22952, stack(0x0000000021b10000,0x0000000021c10000)]
  0x000000001d971800 JavaThread "Build operations" [_thread_blocked, id=25956, stack(0x000000001ff40000,0x0000000020040000)]
  0x000000001d968800 JavaThread "Cache worker for cache directory md-rule (C:\Users\19002765\.gradle\caches\5.6.4\md-rule)" [_thread_blocked, id=3120, stack(0x000000001fe40000,0x000000001ff40000)]
  0x000000001d96e800 JavaThread "Cache worker for cache directory md-supplier (C:\Users\19002765\.gradle\caches\5.6.4\md-supplier)" [_thread_blocked, id=25296, stack(0x000000001f870000,0x000000001f970000)]
  0x000000001d96a000 JavaThread "Cache worker for file hash cache (D:\Republic Poly\Notes for Y2S1\C346 - Android Programming\DemoContextMenuTranslation\.gradle\5.6.4\fileHashes)" [_thread_blocked, id=26052, stack(0x000000001c950000,0x000000001ca50000)]
  0x000000001d967000 JavaThread "Thread-32" [_thread_blocked, id=20092, stack(0x000000001c850000,0x000000001c950000)]
  0x000000001d96d000 JavaThread "Asynchronous log dispatcher for DefaultDaemonConnection: socket connection from /127.0.0.1:53380 to /127.0.0.1:53447" [_thread_blocked, id=22340, stack(0x000000001c450000,0x000000001c550000)]
  0x000000001d96c800 JavaThread "Daemon worker Thread 2" [_thread_blocked, id=22508, stack(0x000000001c350000,0x000000001c450000)]
  0x000000001d96e000 JavaThread "Cancel handler" [_thread_blocked, id=26404, stack(0x0000000000a20000,0x0000000000b20000)]
  0x000000001d968000 JavaThread "Handler for socket connection from /127.0.0.1:53380 to /127.0.0.1:53447" [_thread_in_native, id=26284, stack(0x0000000000920000,0x0000000000a20000)]
  0x000000001d96b800 JavaThread "Daemon Thread 2" [_thread_blocked, id=12912, stack(0x00000000006d0000,0x00000000007d0000)]
  0x000000001d96f800 JavaThread "Memory manager" [_thread_blocked, id=7352, stack(0x00000000248e0000,0x00000000249e0000)]
  0x000000001d96b000 JavaThread "Cache worker for execution history cache (C:\Users\19002765\.gradle\caches\5.6.4\executionHistory)" [_thread_blocked, id=2188, stack(0x0000000020040000,0x0000000020140000)]
  0x0000000019d84800 JavaThread "Cache worker for journal cache (C:\Users\19002765\.gradle\caches\journal-1)" [_thread_blocked, id=25280, stack(0x000000001d150000,0x000000001d250000)]
  0x0000000019d85000 JavaThread "File lock request listener" [_thread_in_native, id=26696, stack(0x000000001d050000,0x000000001d150000)]
  0x000000001b100800 JavaThread "Cache worker for file hash cache (C:\Users\19002765\.gradle\caches\5.6.4\fileHashes)" [_thread_blocked, id=15844, stack(0x000000001cf50000,0x000000001d050000)]
  0x000000001ad4f000 JavaThread "Daemon periodic checks" [_thread_blocked, id=12636, stack(0x000000001c250000,0x000000001c350000)]
  0x000000001ad43000 JavaThread "Incoming local TCP Connector on port 53380" [_thread_in_native, id=10348, stack(0x000000001c010000,0x000000001c110000)]
  0x000000001a9fe000 JavaThread "Daemon health stats" [_thread_blocked, id=10060, stack(0x000000001b9d0000,0x000000001bad0000)]
  0x0000000018400800 JavaThread "Service Thread" daemon [_thread_blocked, id=7936, stack(0x0000000019030000,0x0000000019130000)]
  0x000000001836e800 JavaThread "C1 CompilerThread3" daemon [_thread_blocked, id=10960, stack(0x0000000018f30000,0x0000000019030000)]
  0x0000000018367000 JavaThread "C2 CompilerThread2" daemon [_thread_blocked, id=24912, stack(0x0000000018e30000,0x0000000018f30000)]
  0x0000000018362800 JavaThread "C2 CompilerThread1" daemon [_thread_blocked, id=22148, stack(0x0000000018d30000,0x0000000018e30000)]
=>0x0000000018360800 JavaThread "C2 CompilerThread0" daemon [_thread_in_native, id=1536, stack(0x0000000018c30000,0x0000000018d30000)]
  0x000000001835f800 JavaThread "Attach Listener" daemon [_thread_blocked, id=19920, stack(0x0000000018b30000,0x0000000018c30000)]
  0x000000001655e800 JavaThread "Signal Dispatcher" daemon [_thread_blocked, id=14488, stack(0x0000000018a30000,0x0000000018b30000)]
  0x0000000018350800 JavaThread "Finalizer" daemon [_thread_blocked, id=7112, stack(0x0000000018830000,0x0000000018930000)]
  0x000000001654c800 JavaThread "Reference Handler" daemon [_thread_blocked, id=23376, stack(0x0000000018730000,0x0000000018830000)]
  0x000000000268d800 JavaThread "main" [_thread_blocked, id=18552, stack(0x00000000024e0000,0x00000000025e0000)]

Other Threads:
  0x0000000016546800 VMThread [stack: 0x0000000018230000,0x0000000018330000] [id=19972]
  0x0000000018401800 WatcherThread [stack: 0x0000000019130000,0x0000000019230000] [id=20400]

VM state:synchronizing (normal execution)

VM Mutex/Monitor currently owned by a thread: None

heap address: 0x00000000a0000000, size: 1536 MB, Compressed Oops mode: 32-bit
Narrow klass base: 0x0000000000000000, Narrow klass shift: 3
Compressed class space size: 1073741824 Address: 0x0000000100000000

Heap:
 PSYoungGen      total 485376K, used 71137K [0x00000000e0000000, 0x0000000100000000, 0x0000000100000000)
  eden space 461824K, 10% used [0x00000000e0000000,0x00000000e2e9bb38,0x00000000fc300000)
  from space 23552K, 99% used [0x00000000fc300000,0x00000000fd9dc8e0,0x00000000fda00000)
  to   space 33280K, 0% used [0x00000000fdf80000,0x00000000fdf80000,0x0000000100000000)
 ParOldGen       total 108032K, used 59029K [0x00000000a0000000, 0x00000000a6980000, 0x00000000e0000000)
  object space 108032K, 54% used [0x00000000a0000000,0x00000000a39a5430,0x00000000a6980000)
 Metaspace       used 90826K, capacity 95410K, committed 95616K, reserved 1134592K
  class space    used 11942K, capacity 12879K, committed 12928K, reserved 1048576K

Card table byte_map: [0x0000000011b50000,0x0000000011e60000] byte_map_base: 0x0000000011650000

Marking Bits: (ParMarkBitMap*) 0x0000000061ca9f30
 Begin Bits: [0x0000000012860000, 0x0000000014060000)
 End Bits:   [0x0000000014060000, 0x0000000015860000)

Polling page: 0x0000000000be0000

CodeCache: size=245760Kb used=36813Kb max_used=37422Kb free=208947Kb
 bounds [0x0000000002790000, 0x0000000004c50000, 0x0000000011790000]
 total_blobs=12327 nmethods=11327 adapters=912
 compilation: enabled

Compilation events (10 events):
Event: 912.370 Thread 0x0000000018362800 nmethod 13495 0x000000000497d950 code [0x000000000497da80, 0x000000000497db18]
Event: 912.370 Thread 0x000000001836e800 nmethod 13487 0x0000000002bb1850 code [0x0000000002bb1a40, 0x0000000002bb21e8]
Event: 912.370 Thread 0x000000001836e800 13494       3       kotlin.text.StringsKt__StringsKt::contains (70 bytes)
Event: 912.373 Thread 0x0000000018362800 13499       4       java.util.stream.MatchOps$1MatchSink::accept (44 bytes)
Event: 914.375 Thread 0x000000001836e800 nmethod 13494 0x0000000003150dd0 code [0x0000000003150fc0, 0x00000000031517e8]
Event: 914.376 Thread 0x0000000018362800 nmethod 13499 0x000000000294ab10 code [0x000000000294ac60, 0x000000000294ad38]
Event: 914.377 Thread 0x0000000018367000 13502       4       com.android.build.gradle.internal.packaging.ParsedPackagingOptions$getAction$3::test (9 bytes)
Event: 914.378 Thread 0x0000000018362800 13503       4       kotlin.text.StringsKt__StringsJVMKt::endsWith (45 bytes)
Event: 914.437 Thread 0x0000000018367000 nmethod 13502 0x0000000003612b50 code [0x0000000003612ca0, 0x0000000003612d98]
Event: 914.441 Thread 0x0000000018367000 13506       4       java.util.regex.Matcher::match (109 bytes)

GC Heap History (10 events):
Event: 25.908 GC heap before
{Heap before GC invocations=10 (full 2):
 PSYoungGen      total 277504K, used 261120K [0x00000000e0000000, 0x00000000fc300000, 0x0000000100000000)
  eden space 261120K, 100% used [0x00000000e0000000,0x00000000eff00000,0x00000000eff00000)
  from space 16384K, 0% used [0x00000000eff00000,0x00000000eff00000,0x00000000f0f00000)
  to   space 15360K, 0% used [0x00000000fb400000,0x00000000fb400000,0x00000000fc300000)
 ParOldGen       total 74240K, used 14425K [0x00000000a0000000, 0x00000000a4880000, 0x00000000e0000000)
  object space 74240K, 19% used [0x00000000a0000000,0x00000000a0e16740,0x00000000a4880000)
 Metaspace       used 53642K, capacity 55386K, committed 55680K, reserved 1097728K
  class space    used 7078K, capacity 7492K, committed 7552K, reserved 1048576K
Event: 25.930 GC heap after
Heap after GC invocations=10 (full 2):
 PSYoungGen      total 428032K, used 15358K [0x00000000e0000000, 0x00000000fc300000, 0x0000000100000000)
  eden space 412672K, 0% used [0x00000000e0000000,0x00000000e0000000,0x00000000f9300000)
  from space 15360K, 99% used [0x00000000fb400000,0x00000000fc2ff830,0x00000000fc300000)
  to   space 23040K, 0% used [0x00000000f9600000,0x00000000f9600000,0x00000000fac80000)
 ParOldGen       total 74240K, used 26023K [0x00000000a0000000, 0x00000000a4880000, 0x00000000e0000000)
  object space 74240K, 35% used [0x00000000a0000000,0x00000000a1969de0,0x00000000a4880000)
 Metaspace       used 53642K, capacity 55386K, committed 55680K, reserved 1097728K
  class space    used 7078K, capacity 7492K, committed 7552K, reserved 1048576K
}
Event: 26.588 GC heap before
{Heap before GC invocations=11 (full 2):
 PSYoungGen      total 428032K, used 71814K [0x00000000e0000000, 0x00000000fc300000, 0x0000000100000000)
  eden space 412672K, 13% used [0x00000000e0000000,0x00000000e3722310,0x00000000f9300000)
  from space 15360K, 99% used [0x00000000fb400000,0x00000000fc2ff830,0x00000000fc300000)
  to   space 23040K, 0% used [0x00000000f9600000,0x00000000f9600000,0x00000000fac80000)
 ParOldGen       total 74240K, used 26023K [0x00000000a0000000, 0x00000000a4880000, 0x00000000e0000000)
  object space 74240K, 35% used [0x00000000a0000000,0x00000000a1969de0,0x00000000a4880000)
 Metaspace       used 57086K, capacity 59010K, committed 59136K, reserved 1099776K
  class space    used 7690K, capacity 8111K, committed 8192K, reserved 1048576K
Event: 26.599 GC heap after
Heap after GC invocations=11 (full 2):
 PSYoungGen      total 438784K, used 18916K [0x00000000e0000000, 0x0000000100000000, 0x0000000100000000)
  eden space 415744K, 0% used [0x00000000e0000000,0x00000000e0000000,0x00000000f9600000)
  from space 23040K, 82% used [0x00000000f9600000,0x00000000fa879008,0x00000000fac80000)
  to   space 25088K, 0% used [0x00000000fe780000,0x00000000fe780000,0x0000000100000000)
 ParOldGen       total 74240K, used 26031K [0x00000000a0000000, 0x00000000a4880000, 0x00000000e0000000)
  object space 74240K, 35% used [0x00000000a0000000,0x00000000a196bde0,0x00000000a4880000)
 Metaspace       used 57086K, capacity 59010K, committed 59136K, reserved 1099776K
  class space    used 7690K, capacity 8111K, committed 8192K, reserved 1048576K
}
Event: 26.599 GC heap before
{Heap before GC invocations=12 (full 3):
 PSYoungGen      total 438784K, used 18916K [0x00000000e0000000, 0x0000000100000000, 0x0000000100000000)
  eden space 415744K, 0% used [0x00000000e0000000,0x00000000e0000000,0x00000000f9600000)
  from space 23040K, 82% used [0x00000000f9600000,0x00000000fa879008,0x00000000fac80000)
  to   space 25088K, 0% used [0x00000000fe780000,0x00000000fe780000,0x0000000100000000)
 ParOldGen       total 74240K, used 26031K [0x00000000a0000000, 0x00000000a4880000, 0x00000000e0000000)
  object space 74240K, 35% used [0x00000000a0000000,0x00000000a196bde0,0x00000000a4880000)
 Metaspace       used 57086K, capacity 59010K, committed 59136K, reserved 1099776K
  class space    used 7690K, capacity 8111K, committed 8192K, reserved 1048576K
Event: 26.781 GC heap after
Heap after GC invocations=12 (full 3):
 PSYoungGen      total 438784K, used 0K [0x00000000e0000000, 0x0000000100000000, 0x0000000100000000)
  eden space 415744K, 0% used [0x00000000e0000000,0x00000000e0000000,0x00000000f9600000)
  from space 23040K, 0% used [0x00000000f9600000,0x00000000f9600000,0x00000000fac80000)
  to   space 25088K, 0% used [0x00000000fe780000,0x00000000fe780000,0x0000000100000000)
 ParOldGen       total 108032K, used 31935K [0x00000000a0000000, 0x00000000a6980000, 0x00000000e0000000)
  object space 108032K, 29% used [0x00000000a0000000,0x00000000a1f2ffa0,0x00000000a6980000)
 Metaspace       used 57029K, capacity 58826K, committed 59136K, reserved 1099776K
  class space    used 7674K, capacity 8086K, committed 8192K, reserved 1048576K
}
Event: 831.510 GC heap before
{Heap before GC invocations=13 (full 3):
 PSYoungGen      total 438784K, used 415744K [0x00000000e0000000, 0x0000000100000000, 0x0000000100000000)
  eden space 415744K, 100% used [0x00000000e0000000,0x00000000f9600000,0x00000000f9600000)
  from space 23040K, 0% used [0x00000000f9600000,0x00000000f9600000,0x00000000fac80000)
  to   space 25088K, 0% used [0x00000000fe780000,0x00000000fe780000,0x0000000100000000)
 ParOldGen       total 108032K, used 31935K [0x00000000a0000000, 0x00000000a6980000, 0x00000000e0000000)
  object space 108032K, 29% used [0x00000000a0000000,0x00000000a1f2ffa0,0x00000000a6980000)
 Metaspace       used 74113K, capacity 77820K, committed 78080K, reserved 1116160K
  class space    used 9889K, capacity 10680K, committed 10752K, reserved 1048576K
Event: 831.542 GC heap after
Heap after GC invocations=13 (full 3):
 PSYoungGen      total 486912K, used 25070K [0x00000000e0000000, 0x0000000100000000, 0x0000000100000000)
  eden space 461824K, 0% used [0x00000000e0000000,0x00000000e0000000,0x00000000fc300000)
  from space 25088K, 99% used [0x00000000fe780000,0x00000000ffffb800,0x0000000100000000)
  to   space 31232K, 0% used [0x00000000fc300000,0x00000000fc300000,0x00000000fe180000)
 ParOldGen       total 108032K, used 38163K [0x00000000a0000000, 0x00000000a6980000, 0x00000000e0000000)
  object space 108032K, 35% used [0x00000000a0000000,0x00000000a2544e00,0x00000000a6980000)
 Metaspace       used 74113K, capacity 77820K, committed 78080K, reserved 1116160K
  class space    used 9889K, capacity 10680K, committed 10752K, reserved 1048576K
}
Event: 885.816 GC heap before
{Heap before GC invocations=14 (full 3):
 PSYoungGen      total 486912K, used 486894K [0x00000000e0000000, 0x0000000100000000, 0x0000000100000000)
  eden space 461824K, 100% used [0x00000000e0000000,0x00000000fc300000,0x00000000fc300000)
  from space 25088K, 99% used [0x00000000fe780000,0x00000000ffffb800,0x0000000100000000)
  to   space 31232K, 0% used [0x00000000fc300000,0x00000000fc300000,0x00000000fe180000)
 ParOldGen       total 108032K, used 38163K [0x00000000a0000000, 0x00000000a6980000, 0x00000000e0000000)
  object space 108032K, 35% used [0x00000000a0000000,0x00000000a2544e00,0x00000000a6980000)
 Metaspace       used 88562K, capacity 92746K, committed 92928K, reserved 1130496K
  class space    used 11578K, capacity 12467K, committed 12544K, reserved 1048576K
Event: 887.608 GC heap after
Heap after GC invocations=14 (full 3):
 PSYoungGen      total 485376K, used 23410K [0x00000000e0000000, 0x0000000100000000, 0x0000000100000000)
  eden space 461824K, 0% used [0x00000000e0000000,0x00000000e0000000,0x00000000fc300000)
  from space 23552K, 99% used [0x00000000fc300000,0x00000000fd9dc8e0,0x00000000fda00000)
  to   space 33280K, 0% used [0x00000000fdf80000,0x00000000fdf80000,0x0000000100000000)
 ParOldGen       total 108032K, used 59029K [0x00000000a0000000, 0x00000000a6980000, 0x00000000e0000000)
  object space 108032K, 54% used [0x00000000a0000000,0x00000000a39a5430,0x00000000a6980000)
 Metaspace       used 88562K, capacity 92746K, committed 92928K, reserved 1130496K
  class space    used 11578K, capacity 12467K, committed 12544K, reserved 1048576K
}

Deoptimization events (10 events):
Event: 896.667 Thread 0x000000001d9a9800 Uncommon trap: reason=class_check action=maybe_recompile pc=0x000000000424e960 method=com.android.tools.build.apkzlib.zip.ZipField.checkVerifiesInvariants(J)V @ 25
Event: 896.668 Thread 0x000000001d9a9800 Uncommon trap: reason=class_check action=maybe_recompile pc=0x00000000044183a8 method=com.google.common.collect.ImmutableMap.copyOf(Ljava/util/Map;)Lcom/google/common/collect/ImmutableMap; @ 49
Event: 896.668 Thread 0x000000001d9a9800 Uncommon trap: reason=class_check action=maybe_recompile pc=0x000000000441a3ec method=com.google.common.collect.Iterables.castOrCopyToCollection(Ljava/lang/Iterable;)Ljava/util/Collection; @ 1
Event: 896.754 Thread 0x000000001d9a9800 Uncommon trap: reason=class_check action=maybe_recompile pc=0x000000000424e960 method=com.android.tools.build.apkzlib.zip.ZipField.checkVerifiesInvariants(J)V @ 25
Event: 904.286 Thread 0x000000001d9a9800 Uncommon trap: reason=bimorphic action=maybe_recompile pc=0x0000000004956124 method=java.util.function.Predicate.lambda$and$0(Ljava/util/function/Predicate;Ljava/lang/Object;)Z @ 12
Event: 905.070 Thread 0x000000001d9a9800 Uncommon trap: reason=bimorphic action=maybe_recompile pc=0x0000000004956124 method=java.util.function.Predicate.lambda$and$0(Ljava/util/function/Predicate;Ljava/lang/Object;)Z @ 12
Event: 912.005 Thread 0x000000001d9a9800 Uncommon trap: reason=class_check action=maybe_recompile pc=0x00000000049a2890 method=com.android.tools.build.apkzlib.zip.CentralDirectoryHeader.getCompressionInfoWithWait()Lcom/android/tools/build/apkzlib/zip/CentralDirectoryHeaderCompressInfo; @ 4
Event: 912.005 Thread 0x000000001d9a9800 Uncommon trap: reason=class_check action=maybe_recompile pc=0x00000000049a2890 method=com.android.tools.build.apkzlib.zip.CentralDirectoryHeader.getCompressionInfoWithWait()Lcom/android/tools/build/apkzlib/zip/CentralDirectoryHeaderCompressInfo; @ 4
Event: 912.361 Thread 0x000000001d9a9800 Uncommon trap: reason=class_check action=maybe_recompile pc=0x00000000049a2890 method=com.android.tools.build.apkzlib.zip.CentralDirectoryHeader.getCompressionInfoWithWait()Lcom/android/tools/build/apkzlib/zip/CentralDirectoryHeaderCompressInfo; @ 4
Event: 912.367 Thread 0x000000001d9a9800 Uncommon trap: reason=class_check action=maybe_recompile pc=0x00000000049a2890 method=com.android.tools.build.apkzlib.zip.CentralDirectoryHeader.getCompressionInfoWithWait()Lcom/android/tools/build/apkzlib/zip/CentralDirectoryHeaderCompressInfo; @ 4

Classes redefined (0 events):
No events

Internal exceptions (10 events):
Event: 880.771 Thread 0x000000001d99b800 Exception <a 'java/lang/NoSuchMethodError': <clinit>> (0x00000000fb96d240) thrown at [D:\src\AOSP-openjdk-cygwin\jdk8u\hotspot\src\share\vm\prims\jni.cpp, line 1614]
Event: 880.772 Thread 0x000000001d99b800 Exception <a 'java/lang/NoSuchMethodError': <clinit>> (0x00000000fb985408) thrown at [D:\src\AOSP-openjdk-cygwin\jdk8u\hotspot\src\share\vm\prims\jni.cpp, line 1614]
Event: 880.881 Thread 0x000000001d9a9800 Exception <a 'sun/nio/fs/WindowsException'> (0x00000000fba525e0) thrown at [D:\src\AOSP-openjdk-cygwin\jdk8u\hotspot\src\share\vm\prims\jni.cpp, line 710]
Event: 881.294 Thread 0x000000001d9a9800 Exception <a 'java/lang/NoSuchMethodError': java.lang.Object.lambda$asRunnable$0(Lcom/android/tools/build/apkzlib/utils/IOExceptionRunnable;)V> (0x00000000fba78498) thrown at [D:\src\AOSP-openjdk-cygwin\jdk8u\hotspot\src\share\vm\interpreter\linkResolver.
Event: 884.007 Thread 0x000000001d9a2000 Exception <a 'sun/nio/fs/WindowsException'> (0x00000000fbe0bc10) thrown at [D:\src\AOSP-openjdk-cygwin\jdk8u\hotspot\src\share\vm\prims\jni.cpp, line 710]
Event: 885.055 Thread 0x000000001d9a2000 Exception <a 'java/lang/NoSuchMethodError': <clinit>> (0x00000000fbf14f78) thrown at [D:\src\AOSP-openjdk-cygwin\jdk8u\hotspot\src\share\vm\prims\jni.cpp, line 1614]
Event: 885.056 Thread 0x000000001d9a2000 Exception <a 'java/lang/NoSuchMethodError': <clinit>> (0x00000000fbf29a90) thrown at [D:\src\AOSP-openjdk-cygwin\jdk8u\hotspot\src\share\vm\prims\jni.cpp, line 1614]
Event: 885.441 Thread 0x000000001d9a9800 Exception <a 'java/lang/NoSuchMethodError': java.lang.Object.newSystemTemporaryDirectory()Lcom/android/tools/build/apkzlib/bytestorage/TemporaryDirectory;> (0x00000000fc1a05a8) thrown at [D:\src\AOSP-openjdk-cygwin\jdk8u\hotspot\src\share\vm\interpreter\l
Event: 885.664 Thread 0x000000001d9a3800 Exception <a 'java/lang/NoSuchMethodError': java.lang.Object.lambda$static$0(Ljava/lang/String;)Z> (0x00000000fc104708) thrown at [D:\src\AOSP-openjdk-cygwin\jdk8u\hotspot\src\share\vm\interpreter\linkResolver.cpp, line 620]
Event: 892.222 Thread 0x000000001d9a9000 Exception <a 'sun/nio/fs/WindowsException'> (0x00000000e03ef918) thrown at [D:\src\AOSP-openjdk-cygwin\jdk8u\hotspot\src\share\vm\prims\jni.cpp, line 710]

Events (10 events):
Event: 914.375 loading class com/android/tools/r8/graph/C
Event: 914.375 loading class com/android/tools/r8/graph/C done
Event: 914.376 loading class com/android/tools/r8/graph/e0
Event: 914.376 loading class com/android/tools/r8/graph/e0 done
Event: 914.377 Thread 0x000000001836e800 flushing nmethod 0x00000000035f2cd0
Event: 914.377 Thread 0x000000001836e800 flushing nmethod 0x0000000003612b50
Event: 914.378 Thread 0x000000001836e800 flushing nmethod 0x0000000003667450
Event: 914.437 loading class com/android/tools/r8/graph/p$a
Event: 914.437 loading class com/android/tools/r8/graph/p$a done
Event: 914.437 Thread 0x000000001836e800 flushing nmethod 0x000000000369ac10


Dynamic libraries:
0x00007ff6fdf90000 - 0x00007ff6fdfc1000 	D:\Republic Poly\Notes for Y2S1\C346 - Android Programming\Android Studio\jre\bin\java.exe
0x00007ff923de0000 - 0x00007ff923fd0000 	C:\WINDOWS\SYSTEM32\ntdll.dll
0x00007ff9222f0000 - 0x00007ff9223a2000 	C:\WINDOWS\System32\KERNEL32.DLL
0x00007ff921be0000 - 0x00007ff921e84000 	C:\WINDOWS\System32\KERNELBASE.dll
0x00007ff921f10000 - 0x00007ff921fb3000 	C:\WINDOWS\System32\ADVAPI32.dll
0x00007ff923c20000 - 0x00007ff923cbe000 	C:\WINDOWS\System32\msvcrt.dll
0x00007ff9230f0000 - 0x00007ff923187000 	C:\WINDOWS\System32\sechost.dll
0x00007ff922b20000 - 0x00007ff922c40000 	C:\WINDOWS\System32\RPCRT4.dll
0x00007ff9232c0000 - 0x00007ff923454000 	C:\WINDOWS\System32\USER32.dll
0x00007ff920f00000 - 0x00007ff920f21000 	C:\WINDOWS\System32\win32u.dll
0x00007ff923200000 - 0x00007ff923226000 	C:\WINDOWS\System32\GDI32.dll
0x00007ff9217a0000 - 0x00007ff921934000 	C:\WINDOWS\System32\gdi32full.dll
0x00007ff921940000 - 0x00007ff9219de000 	C:\WINDOWS\System32\msvcp_win.dll
0x00007ff920e00000 - 0x00007ff920efa000 	C:\WINDOWS\System32\ucrtbase.dll
0x00007ff90fe10000 - 0x00007ff910094000 	C:\WINDOWS\WinSxS\amd64_microsoft.windows.common-controls_6595b64144ccf1df_6.0.18362.836_none_e6c4b943130f18ed\COMCTL32.dll
0x00007ff922c40000 - 0x00007ff922f76000 	C:\WINDOWS\System32\combase.dll
0x00007ff9216b0000 - 0x00007ff921730000 	C:\WINDOWS\System32\bcryptPrimitives.dll
0x00007ff9223b0000 - 0x00007ff9223de000 	C:\WINDOWS\System32\IMM32.DLL
0x0000000061320000 - 0x00000000613f2000 	D:\Republic Poly\Notes for Y2S1\C346 - Android Programming\Android Studio\jre\jre\bin\msvcr100.dll
0x00000000614e0000 - 0x0000000061d26000 	D:\Republic Poly\Notes for Y2S1\C346 - Android Programming\Android Studio\jre\jre\bin\server\jvm.dll
0x00007ff922a40000 - 0x00007ff922a48000 	C:\WINDOWS\System32\PSAPI.DLL
0x00007ff91c8b0000 - 0x00007ff91c8b9000 	C:\WINDOWS\SYSTEM32\WSOCK32.dll
0x00007ff915970000 - 0x00007ff91597a000 	C:\WINDOWS\SYSTEM32\VERSION.dll
0x00007ff923190000 - 0x00007ff9231ff000 	C:\WINDOWS\System32\WS2_32.dll
0x00007ff913d60000 - 0x00007ff913d84000 	C:\WINDOWS\SYSTEM32\WINMM.dll
0x00007ff9151a0000 - 0x00007ff9151cd000 	C:\WINDOWS\SYSTEM32\winmmbase.dll
0x00007ff921750000 - 0x00007ff92179a000 	C:\WINDOWS\System32\cfgmgr32.dll
0x00007ff91c750000 - 0x00007ff91c75f000 	D:\Republic Poly\Notes for Y2S1\C346 - Android Programming\Android Studio\jre\jre\bin\verify.dll
0x00007ff917110000 - 0x00007ff917139000 	D:\Republic Poly\Notes for Y2S1\C346 - Android Programming\Android Studio\jre\jre\bin\java.dll
0x00007ff9178b0000 - 0x00007ff9178c6000 	D:\Republic Poly\Notes for Y2S1\C346 - Android Programming\Android Studio\jre\jre\bin\zip.dll
0x00007ff923460000 - 0x00007ff923b44000 	C:\WINDOWS\System32\SHELL32.dll
0x00007ff921fc0000 - 0x00007ff922069000 	C:\WINDOWS\System32\shcore.dll
0x00007ff920f30000 - 0x00007ff9216ae000 	C:\WINDOWS\System32\windows.storage.dll
0x00007ff920cb0000 - 0x00007ff920cd3000 	C:\WINDOWS\System32\profapi.dll
0x00007ff920d00000 - 0x00007ff920d4a000 	C:\WINDOWS\System32\powrprof.dll
0x00007ff920ca0000 - 0x00007ff920cb0000 	C:\WINDOWS\System32\UMPDC.dll
0x00007ff923cc0000 - 0x00007ff923d12000 	C:\WINDOWS\System32\shlwapi.dll
0x00007ff920ce0000 - 0x00007ff920cf1000 	C:\WINDOWS\System32\kernel.appcore.dll
0x00007ff921730000 - 0x00007ff921747000 	C:\WINDOWS\System32\cryptsp.dll
0x00007ff917670000 - 0x00007ff91768a000 	D:\Republic Poly\Notes for Y2S1\C346 - Android Programming\Android Studio\jre\jre\bin\net.dll
0x00007ff917ad0000 - 0x00007ff917ca6000 	C:\WINDOWS\SYSTEM32\urlmon.dll
0x00007ff913950000 - 0x00007ff913bf6000 	C:\WINDOWS\SYSTEM32\iertutil.dll
0x00007ff9206e0000 - 0x00007ff9206ec000 	C:\WINDOWS\SYSTEM32\CRYPTBASE.DLL
0x00007ff920510000 - 0x00007ff920577000 	C:\WINDOWS\system32\mswsock.dll
0x00007ff9170f0000 - 0x00007ff917103000 	D:\Republic Poly\Notes for Y2S1\C346 - Android Programming\Android Studio\jre\jre\bin\nio.dll
0x00007ff913c50000 - 0x00007ff913c76000 	C:\Users\19002765\.gradle\native\30\windows-amd64\native-platform.dll
0x00007ff91c6f0000 - 0x00007ff91c6fd000 	D:\Republic Poly\Notes for Y2S1\C346 - Android Programming\Android Studio\jre\jre\bin\management.dll
0x00007ff91fe10000 - 0x00007ff91fe43000 	C:\WINDOWS\system32\rsaenh.dll
0x00007ff920d70000 - 0x00007ff920d96000 	C:\WINDOWS\System32\bcrypt.dll
0x00007ff920b90000 - 0x00007ff920bb5000 	C:\WINDOWS\SYSTEM32\USERENV.dll
0x00007ff920220000 - 0x00007ff92025a000 	C:\WINDOWS\SYSTEM32\IPHLPAPI.DLL
0x00007ff9232b0000 - 0x00007ff9232b8000 	C:\WINDOWS\System32\NSI.dll
0x00007ff91b350000 - 0x00007ff91b366000 	C:\WINDOWS\SYSTEM32\dhcpcsvc6.DLL
0x00007ff91b310000 - 0x00007ff91b32c000 	C:\WINDOWS\SYSTEM32\dhcpcsvc.DLL
0x00007ff920260000 - 0x00007ff92032b000 	C:\WINDOWS\SYSTEM32\DNSAPI.dll
0x00007ff8d34c0000 - 0x00007ff8d365c000 	D:\Republic Poly\Notes for Y2S1\C346 - Android Programming\Android Studio\jre\jre\bin\awt.dll
0x00007ff922070000 - 0x00007ff922134000 	C:\WINDOWS\System32\OLEAUT32.dll
0x00007ff91f3e0000 - 0x00007ff91f40d000 	C:\WINDOWS\SYSTEM32\dwmapi.dll
0x00007ff91e010000 - 0x00007ff91e5d0000 	C:\WINDOWS\SYSTEM32\d2d1.dll
0x00007ff91f130000 - 0x00007ff91f1bf000 	C:\WINDOWS\SYSTEM32\apphelp.dll
0x00007ff91f2d0000 - 0x00007ff91f369000 	C:\WINDOWS\system32\uxtheme.dll

VM Arguments:
jvm_args: -Xmx1536m -Dfile.encoding=windows-1252 -Duser.country=SG -Duser.language=en -Duser.variant 
java_command: org.gradle.launcher.daemon.bootstrap.GradleDaemon 5.6.4
java_class_path (initial): C:\Users\19002765\.gradle\wrapper\dists\gradle-5.6.4-all\ankdp27end7byghfw1q2sw75f\gradle-5.6.4\lib\gradle-launcher-5.6.4.jar
Launcher Type: SUN_STANDARD

Environment Variables:
PATH=C:\ProgramData\Oracle\Java\javapath;C:\WINDOWS\system32;C:\WINDOWS;C:\WINDOWS\System32\Wbem;C:\WINDOWS\System32\WindowsPowerShell\v1.0\;C:\WINDOWS\System32\OpenSSH\;C:\Program Files\MongoDB\Server\4.2\bin;C:\Users\19002765\AppData\Local\Microsoft\WindowsApps;
USERNAME=19002765
OS=Windows_NT
PROCESSOR_IDENTIFIER=Intel64 Family 6 Model 142 Stepping 10, GenuineIntel



---------------  S Y S T E M  ---------------

OS: Windows 10.0 , 64 bit Build 18362 (10.0.18362.778)

CPU:total 8 (initial active 8) (4 cores per cpu, 2 threads per core) family 6 model 142 stepping 10, cmov, cx8, fxsr, mmx, sse, sse2, sse3, ssse3, sse4.1, sse4.2, popcnt, avx, avx2, aes, clmul, erms, 3dnowpref, lzcnt, ht, tsc, tscinvbit, bmi1, bmi2, adx

Memory: 4k page, physical 8295564k(343332k free), swap 15173960k(2110036k free)

vm_info: OpenJDK 64-Bit Server VM (25.212-b04) for windows-amd64 JRE (1.8.0_212-release-1586-b04), built by "builder" with MS VC++ 10.0 (VS2010)

time: Thu May 28 10:01:26 2020
timezone: Malay Peninsula Standard Time
elapsed time: 916 seconds (0d 0h 15m 16s)

